<?xml version="1.0" encoding="UTF-8"?>
<!-- Generated by org.testng.reporters.JUnitReportReporter -->
<testsuite skipped="1" hostname="DESKTOP-BGOVQ9A" name="listeners.MyTestNGListernsDemo2" tests="3" failures="0" timestamp="2021-08-10T10:24:37 MST" time="0.003" errors="0">
  <testcase name="test4" time="0.000" classname="listeners.MyTestNGListernsDemo2"/>
  <system-out/>
  <testcase name="test5" time="0.001" classname="listeners.MyTestNGListernsDemo2"/>
  <system-out/>
  <testcase name="test6" time="0.002" classname="listeners.MyTestNGListernsDemo2">
    <skipped/>
  </testcase> <!-- test6 -->
  <system-out/>
</testsuite> <!-- listeners.MyTestNGListernsDemo2 -->
