<?xml version="1.0" encoding="UTF-8"?>
<!-- Generated by org.testng.reporters.JUnitReportReporter -->
<testsuite skipped="0" hostname="DESKTOP-BGOVQ9A" name="demo.TestNGGroupDemo" tests="4" failures="0" timestamp="2021-08-19T12:56:28 MST" time="0.015" errors="0">
  <testcase name="test3" time="0.002" classname="demo.TestNGGroupDemo"/>
  <system-out/>
  <testcase name="test1" time="0.010" classname="demo.TestNGGroupDemo"/>
  <system-out/>
  <testcase name="test4" time="0.001" classname="demo.TestNGGroupDemo"/>
  <system-out/>
  <testcase name="test2" time="0.002" classname="demo.TestNGGroupDemo"/>
  <system-out/>
</testsuite> <!-- demo.TestNGGroupDemo -->
