<?xml version="1.0" encoding="UTF-8"?>
<!-- Generated by org.testng.reporters.JUnitReportReporter -->
<testsuite skipped="0" hostname="DESKTOP-BGOVQ9A" name="demo.Test1" tests="1" failures="0" timestamp="2021-08-24T15:27:02 MST" time="5.377" errors="0">
  <testcase name="test1" time="5.377" classname="demo.Test1"/>
  <system-out/>
</testsuite> <!-- demo.Test1 -->
