<?xml version="1.0" encoding="UTF-8"?>
<!-- Generated by org.testng.reporters.JUnitReportReporter -->
<testsuite skipped="0" hostname="DESKTOP-BGOVQ9A" name="utils.ExcelDataprovider" tests="5" failures="0" timestamp="2021-07-29T15:58:03 MST" time="0.019" errors="0">
  <testcase name="test1" time="0.001" classname="utils.ExcelDataprovider"/>
  <system-out/>
  <testcase name="test1" time="0.007" classname="utils.ExcelDataprovider"/>
  <system-out/>
  <testcase name="test1" time="0.003" classname="utils.ExcelDataprovider"/>
  <system-out/>
  <testcase name="test1" time="0.007" classname="utils.ExcelDataprovider"/>
  <system-out/>
  <testcase name="test1" time="0.001" classname="utils.ExcelDataprovider"/>
  <system-out/>
</testsuite> <!-- utils.ExcelDataprovider -->
