<?xml version="1.0" encoding="UTF-8"?>
<!-- Generated by org.testng.reporters.JUnitReportReporter -->
<testsuite skipped="0" hostname="DESKTOP-BGOVQ9A" name="com.sravani.ExcelDataprovider" tests="5" failures="0" timestamp="2021-07-29T18:07:21 MST" time="28.504" errors="0">
  <testcase name="test1" time="6.572" classname="com.sravani.ExcelDataprovider"/>
  <system-out/>
  <testcase name="test1" time="5.480" classname="com.sravani.ExcelDataprovider"/>
  <system-out/>
  <testcase name="test1" time="5.483" classname="com.sravani.ExcelDataprovider"/>
  <system-out/>
  <testcase name="test1" time="5.490" classname="com.sravani.ExcelDataprovider"/>
  <system-out/>
  <testcase name="test1" time="5.479" classname="com.sravani.ExcelDataprovider"/>
  <system-out/>
</testsuite> <!-- com.sravani.ExcelDataprovider -->
