<?xml version="1.0" encoding="UTF-8"?>
<!-- Generated by org.testng.reporters.JUnitReportReporter -->
<testsuite skipped="0" hostname="DESKTOP-BGOVQ9A" name="demo.TestNGParametersDemo" tests="1" failures="0" timestamp="2021-08-19T13:52:03 MST" time="0.009" errors="0">
  <testcase name="test1" time="0.009" classname="demo.TestNGParametersDemo"/>
  <system-out/>
</testsuite> <!-- demo.TestNGParametersDemo -->
