<?xml version="1.0" encoding="UTF-8"?>
<!-- Generated by org.testng.reporters.JUnitReportReporter -->
<testsuite skipped="0" hostname="DESKTOP-BGOVQ9A" name="demo.TestNGIgnoreDemo" tests="1" failures="0" timestamp="2021-08-23T12:48:52 MST" time="0.010" errors="0">
  <testcase name="test2" time="0.010" classname="demo.TestNGIgnoreDemo"/>
  <system-out/>
</testsuite> <!-- demo.TestNGIgnoreDemo -->
